<?xml version="1.0" encoding="UTF-8"?>
<!-- Generated by org.testng.reporters.JUnitXMLReporter -->
<testsuite ignored="0" hostname="LAPTOP-2F76RQJQ" failures="0" tests="4" name="Default test" time="27.405" errors="0" timestamp="2020-04-23T12:33:05 IST">
  <testcase classname="ezcontent.qa.testcases.ForgetPasswordPageTest" name="forgetPaswdTitleTest" time="0.034"/>
  <testcase classname="ezcontent.qa.testcases.ForgetPasswordPageTest" name="logoImageTest" time="0.097"/>
  <testcase classname="ezcontent.qa.testcases.ForgetPasswordPageTest" name="forgetPaswdSubmitTest" time="9.389"/>
  <testcase classname="ezcontent.qa.testcases.ForgetPasswordPageTest" name="statusMessageTest" time="0.109"/>
</testsuite> <!-- Default test -->
