<?xml version="1.0" encoding="UTF-8"?>
<!-- Generated by org.testng.reporters.JUnitXMLReporter -->
<testsuite hostname="srijans-MacBook-Pro-103.local" name="Default test" tests="20" failures="1" timestamp="6 May 2020 06:23:25 GMT" time="70.822" errors="0">
  <testcase name="login" time="4.514" classname="ezcontent.qa.testcases.ArticleMediaTest"/>
  <testcase name="dashboard" time="19.543" classname="ezcontent.qa.testcases.ArticleMediaTest">
    <failure type="org.openqa.selenium.TimeoutException" message="timeout: Timed out receiving message from renderer: 4.000
  (Session info: chrome=81.0.4044.129)
Build info: version: &amp;apos;3.141.59&amp;apos;, revision: &amp;apos;e82be7d358&amp;apos;, time: &amp;apos;2018-11-14T08:17:03&amp;apos;
System info: host: &amp;apos;srijans-MacBook-Pro-103.local&amp;apos;, ip: &amp;apos;2405:201:5e06:d75b:5930:b533:1d15:7a95%en0&amp;apos;, os.name: &amp;apos;Mac OS X&amp;apos;, os.arch: &amp;apos;x86_64&amp;apos;, os.version: &amp;apos;10.13.3&amp;apos;, java.version: &amp;apos;1.8.0_171&amp;apos;
Driver info: org.openqa.selenium.chrome.ChromeDriver
Capabilities {acceptInsecureCerts: false, browserName: chrome, browserVersion: 81.0.4044.129, chrome: {chromedriverVersion: 81.0.4044.69 (6813546031a4b..., userDataDir: /var/folders/d1/v7ybwyts353...}, goog:chromeOptions: {debuggerAddress: localhost:49544}, javascriptEnabled: true, networkConnectionEnabled: false, pageLoadStrategy: normal, platform: MAC, platformName: MAC, proxy: Proxy(), setWindowRect: true, strictFileInteractability: false, timeouts: {implicit: 0, pageLoad: 300000, script: 30000}, unhandledPromptBehavior: dismiss and notify, webauthn:virtualAuthenticators: true}
Session ID: 39708152da47f8383c8751098c450090">
      <![CDATA[org.openqa.selenium.TimeoutException: timeout: Timed out receiving message from renderer: 4.000
  (Session info: chrome=81.0.4044.129)
Build info: version: '3.141.59', revision: 'e82be7d358', time: '2018-11-14T08:17:03'
System info: host: 'srijans-MacBook-Pro-103.local', ip: '2405:201:5e06:d75b:5930:b533:1d15:7a95%en0', os.name: 'Mac OS X', os.arch: 'x86_64', os.version: '10.13.3', java.version: '1.8.0_171'
Driver info: org.openqa.selenium.chrome.ChromeDriver
Capabilities {acceptInsecureCerts: false, browserName: chrome, browserVersion: 81.0.4044.129, chrome: {chromedriverVersion: 81.0.4044.69 (6813546031a4b..., userDataDir: /var/folders/d1/v7ybwyts353...}, goog:chromeOptions: {debuggerAddress: localhost:49544}, javascriptEnabled: true, networkConnectionEnabled: false, pageLoadStrategy: normal, platform: MAC, platformName: MAC, proxy: Proxy(), setWindowRect: true, strictFileInteractability: false, timeouts: {implicit: 0, pageLoad: 300000, script: 30000}, unhandledPromptBehavior: dismiss and notify, webauthn:virtualAuthenticators: true}
Session ID: 39708152da47f8383c8751098c450090
	at sun.reflect.NativeConstructorAccessorImpl.newInstance0(Native Method)
	at sun.reflect.NativeConstructorAccessorImpl.newInstance(NativeConstructorAccessorImpl.java:62)
	at sun.reflect.DelegatingConstructorAccessorImpl.newInstance(DelegatingConstructorAccessorImpl.java:45)
	at java.lang.reflect.Constructor.newInstance(Constructor.java:423)
	at org.openqa.selenium.remote.http.W3CHttpResponseCodec.createException(W3CHttpResponseCodec.java:187)
	at org.openqa.selenium.remote.http.W3CHttpResponseCodec.decode(W3CHttpResponseCodec.java:122)
	at org.openqa.selenium.remote.http.W3CHttpResponseCodec.decode(W3CHttpResponseCodec.java:49)
	at org.openqa.selenium.remote.HttpCommandExecutor.execute(HttpCommandExecutor.java:158)
	at org.openqa.selenium.remote.service.DriverCommandExecutor.execute(DriverCommandExecutor.java:83)
	at org.openqa.selenium.remote.RemoteWebDriver.execute(RemoteWebDriver.java:552)
	at org.openqa.selenium.remote.RemoteWebElement.execute(RemoteWebElement.java:285)
	at org.openqa.selenium.remote.RemoteWebElement.click(RemoteWebElement.java:84)
	at sun.reflect.NativeMethodAccessorImpl.invoke0(Native Method)
	at sun.reflect.NativeMethodAccessorImpl.invoke(NativeMethodAccessorImpl.java:62)
	at sun.reflect.DelegatingMethodAccessorImpl.invoke(DelegatingMethodAccessorImpl.java:43)
	at java.lang.reflect.Method.invoke(Method.java:498)
	at org.openqa.selenium.support.pagefactory.internal.LocatingElementHandler.invoke(LocatingElementHandler.java:51)
	at com.sun.proxy.$Proxy8.click(Unknown Source)
	at ezcontent.qa.pages.ArticleMediaPage.dashBoardPage(ArticleMediaPage.java:222)
	at ezcontent.qa.testcases.ArticleMediaTest.dashboard(ArticleMediaTest.java:40)
	at sun.reflect.NativeMethodAccessorImpl.invoke0(Native Method)
	at sun.reflect.NativeMethodAccessorImpl.invoke(NativeMethodAccessorImpl.java:62)
	at sun.reflect.DelegatingMethodAccessorImpl.invoke(DelegatingMethodAccessorImpl.java:43)
	at java.lang.reflect.Method.invoke(Method.java:498)
	at org.testng.internal.MethodInvocationHelper.invokeMethod(MethodInvocationHelper.java:86)
	at org.testng.internal.Invoker.invokeMethod(Invoker.java:645)
	at org.testng.internal.Invoker.invokeTestMethod(Invoker.java:822)
	at org.testng.internal.Invoker.invokeTestMethods(Invoker.java:1130)
	at org.testng.internal.TestMethodWorker.invokeTestMethods(TestMethodWorker.java:129)
	at org.testng.internal.TestMethodWorker.run(TestMethodWorker.java:112)
	at org.testng.TestRunner.privateRun(TestRunner.java:782)
	at org.testng.TestRunner.run(TestRunner.java:632)
	at org.testng.SuiteRunner.runTest(SuiteRunner.java:366)
	at org.testng.SuiteRunner.runSequentially(SuiteRunner.java:361)
	at org.testng.SuiteRunner.privateRun(SuiteRunner.java:319)
	at org.testng.SuiteRunner.run(SuiteRunner.java:268)
	at org.testng.SuiteRunnerWorker.runSuite(SuiteRunnerWorker.java:52)
	at org.testng.SuiteRunnerWorker.run(SuiteRunnerWorker.java:86)
	at org.testng.TestNG.runSuitesSequentially(TestNG.java:1244)
	at org.testng.TestNG.runSuitesLocally(TestNG.java:1169)
	at org.testng.TestNG.run(TestNG.java:1064)
	at org.testng.remote.RemoteTestNG.run(RemoteTestNG.java:113)
	at org.testng.remote.RemoteTestNG.initAndRun(RemoteTestNG.java:206)
	at org.testng.remote.RemoteTestNG.main(RemoteTestNG.java:177)
]]>
    </failure>
  </testcase> <!-- dashboard -->
  <testcase name="validatePageTitle" time="0.77" classname="ezcontent.qa.testcases.ArticleMediaTest"/>
  <testcase name="validageLogo" time="0.06" classname="ezcontent.qa.testcases.ArticleMediaTest"/>
  <testcase name="title" time="0.029" classname="ezcontent.qa.testcases.ArticleMediaTest"/>
  <testcase name="menu" time="0.031" classname="ezcontent.qa.testcases.ArticleMediaTest"/>
  <testcase name="metaTags" time="0.025" classname="ezcontent.qa.testcases.ArticleMediaTest"/>
  <testcase name="promotion" time="0.036" classname="ezcontent.qa.testcases.ArticleMediaTest"/>
  <testcase name="scheduling" time="0.029" classname="ezcontent.qa.testcases.ArticleMediaTest"/>
  <testcase name="shortTitle" time="0.023" classname="ezcontent.qa.testcases.ArticleMediaTest"/>
  <testcase name="xml" time="0.025" classname="ezcontent.qa.testcases.ArticleMediaTest"/>
  <testcase name="subHead" time="0.024" classname="ezcontent.qa.testcases.ArticleMediaTest"/>
  <testcase name="author" time="0.025" classname="ezcontent.qa.testcases.ArticleMediaTest"/>
  <testcase name="summary" time="0.024" classname="ezcontent.qa.testcases.ArticleMediaTest"/>
  <testcase name="selectImage" time="0.032" classname="ezcontent.qa.testcases.ArticleMediaTest"/>
  <testcase name="media" time="0.026" classname="ezcontent.qa.testcases.ArticleMediaTest"/>
  <testcase name="selectAsset" time="0.027" classname="ezcontent.qa.testcases.ArticleMediaTest"/>
  <testcase name="addParagraph" time="0.024" classname="ezcontent.qa.testcases.ArticleMediaTest"/>
  <testcase name="taxnomy" time="0.023" classname="ezcontent.qa.testcases.ArticleMediaTest"/>
  <testcase name="createArticleTest" time="37.172" classname="ezcontent.qa.testcases.ArticleMediaTest"/>
</testsuite> <!-- Default test -->
