<?xml version="1.0" encoding="UTF-8"?>
<!-- Generated by org.testng.reporters.JUnitXMLReporter -->
<testsuite hostname="srijans-MacBook-Pro-80.local" ignored="0" name="Default test" tests="10" failures="0" timestamp="2020-04-28T17:10:48 IST" time="22.698" errors="0">
  <testcase name="loginPageTitle" time="0.013" classname="ezcontent.qa.testcases.LoginPageTest"/>
  <testcase name="logoImage" time="0.069" classname="ezcontent.qa.testcases.LoginPageTest"/>
  <testcase name="validateUsernameLabel" time="0.044" classname="ezcontent.qa.testcases.LoginPageTest"/>
  <testcase name="validatePasswordLabel" time="0.045" classname="ezcontent.qa.testcases.LoginPageTest"/>
  <testcase name="validateuserNameHelpText" time="0.031" classname="ezcontent.qa.testcases.LoginPageTest"/>
  <testcase name="validatepasswordHelpText" time="0.03" classname="ezcontent.qa.testcases.LoginPageTest"/>
  <testcase name="loginFunctionality" time="5.1" classname="ezcontent.qa.testcases.LoginPageTest"/>
  <testcase name="dashboardPageTitle" time="3.026" classname="ezcontent.qa.testcases.LoginPageTest"/>
  <testcase name="logout" time="5.75" classname="ezcontent.qa.testcases.LoginPageTest"/>
  <testcase name="clickOnForgetLink" time="1.031" classname="ezcontent.qa.testcases.LoginPageTest"/>
</testsuite> <!-- Default test -->
