<?xml version="1.0" encoding="UTF-8"?>
<!-- Generated by org.testng.reporters.JUnitXMLReporter -->
<testsuite ignored="0" hostname="LAPTOP-2F76RQJQ" failures="0" tests="5" name="Default test" time="261.446" errors="0" timestamp="2020-05-22T15:49:11 IST">
  <testcase classname="ezcontent.qa.testcases.SmartArticlePageTest" name="createSmartArticle" time="31.428"/>
  <testcase classname="ezcontent.qa.testcases.SmartArticlePageTest" name="createSmartArticle" time="29.173"/>
  <testcase classname="ezcontent.qa.testcases.SmartArticlePageTest" name="createSmartArticle" time="28.828"/>
  <testcase classname="ezcontent.qa.testcases.SmartArticlePageTest" name="createSmartArticle" time="26.483"/>
  <testcase classname="ezcontent.qa.testcases.SmartArticlePageTest" name="createSmartArticle" time="29.837"/>
</testsuite> <!-- Default test -->
