<?xml version="1.0" encoding="UTF-8"?>
<!-- Generated by org.testng.reporters.JUnitXMLReporter -->
<testsuite hostname="srijans-MacBook-Pro-103.local" name="Test" tests="8" failures="0" timestamp="24 Apr 2020 12:40:23 GMT" time="7.802" errors="0">
  <testcase name="@BeforeClass setup" time="0.0" classname="ezcontent.qa.testcases.LoginPageTest">
    <failure type="java.lang.NoClassDefFoundError" message="org/apache/commons/compress/archivers/ArchiveException">
      <![CDATA[java.lang.NoClassDefFoundError: org/apache/commons/compress/archivers/ArchiveException
	at org.rauschig.jarchivelib.ArchiverFactory.createArchiver(ArchiverFactory.java:97)
	at io.github.bonigarcia.wdm.Downloader.unTarGz(Downloader.java:275)
	at io.github.bonigarcia.wdm.Downloader.extract(Downloader.java:188)
	at io.github.bonigarcia.wdm.Downloader.downloadAndExtract(Downloader.java:138)
	at io.github.bonigarcia.wdm.Downloader.download(Downloader.java:81)
	at io.github.bonigarcia.wdm.WebDriverManager.downloadCandidateUrls(WebDriverManager.java:723)
	at io.github.bonigarcia.wdm.WebDriverManager.manage(WebDriverManager.java:536)
	at io.github.bonigarcia.wdm.WebDriverManager.setup(WebDriverManager.java:260)
	at ezcontent.qa.base.TestBase.initialization(TestBase.java:43)
	at ezcontent.qa.testcases.LoginPageTest.setup(LoginPageTest.java:23)
Caused by: java.lang.ClassNotFoundException: org.apache.commons.compress.archivers.ArchiveException
	at java.net.URLClassLoader.findClass(URLClassLoader.java:381)
	at java.lang.ClassLoader.loadClass(ClassLoader.java:424)
	at sun.misc.Launcher$AppClassLoader.loadClass(Launcher.java:349)
	at java.lang.ClassLoader.loadClass(ClassLoader.java:357)
	... 34 more
... Removed 24 stack frames]]>
    </failure>
  </testcase> <!-- @BeforeClass setup -->
  <testcase name="@AfterClass closeBrowser" time="0.0" classname="ezcontent.qa.testcases.LoginPageTest">
    <skipped/>
  </testcase> <!-- @AfterClass closeBrowser -->
  <testcase name="@BeforeClass setup" time="0.0" classname="ezcontent.qa.testcases.ForgetPasswordPageTest">
    <failure type="java.lang.NoClassDefFoundError" message="org/apache/commons/compress/archivers/ArchiveException">
      <![CDATA[java.lang.NoClassDefFoundError: org/apache/commons/compress/archivers/ArchiveException
	at org.rauschig.jarchivelib.ArchiverFactory.createArchiver(ArchiverFactory.java:97)
	at io.github.bonigarcia.wdm.Downloader.unTarGz(Downloader.java:275)
	at io.github.bonigarcia.wdm.Downloader.extract(Downloader.java:188)
	at io.github.bonigarcia.wdm.Downloader.downloadAndExtract(Downloader.java:138)
	at io.github.bonigarcia.wdm.Downloader.download(Downloader.java:81)
	at io.github.bonigarcia.wdm.WebDriverManager.downloadCandidateUrls(WebDriverManager.java:723)
	at io.github.bonigarcia.wdm.WebDriverManager.manage(WebDriverManager.java:536)
	at io.github.bonigarcia.wdm.WebDriverManager.setup(WebDriverManager.java:260)
	at ezcontent.qa.base.TestBase.initialization(TestBase.java:43)
	at ezcontent.qa.testcases.ForgetPasswordPageTest.setup(ForgetPasswordPageTest.java:25)
Caused by: java.lang.ClassNotFoundException: org.apache.commons.compress.archivers.ArchiveException
	at java.net.URLClassLoader.findClass(URLClassLoader.java:381)
	at java.lang.ClassLoader.loadClass(ClassLoader.java:424)
	at sun.misc.Launcher$AppClassLoader.loadClass(Launcher.java:349)
	at java.lang.ClassLoader.loadClass(ClassLoader.java:357)
	... 34 more
... Removed 24 stack frames]]>
    </failure>
  </testcase> <!-- @BeforeClass setup -->
  <testcase name="@AfterClass closeBrowser" time="0.0" classname="ezcontent.qa.testcases.ForgetPasswordPageTest">
    <skipped/>
  </testcase> <!-- @AfterClass closeBrowser -->
  <testcase name="loginPageTitleTest" time="0.001" classname="ezcontent.qa.testcases.LoginPageTest">
    <skipped/>
  </testcase> <!-- loginPageTitleTest -->
  <testcase name="logoImageTest" time="0.001" classname="ezcontent.qa.testcases.LoginPageTest">
    <skipped/>
  </testcase> <!-- logoImageTest -->
  <testcase name="loginFunctionalityTest" time="0.0" classname="ezcontent.qa.testcases.LoginPageTest">
    <skipped/>
  </testcase> <!-- loginFunctionalityTest -->
  <testcase name="clickOnForgetLink" time="0.0" classname="ezcontent.qa.testcases.LoginPageTest">
    <skipped/>
  </testcase> <!-- clickOnForgetLink -->
  <testcase name="forgetPaswdTitleTest" time="0.001" classname="ezcontent.qa.testcases.ForgetPasswordPageTest">
    <skipped/>
  </testcase> <!-- forgetPaswdTitleTest -->
  <testcase name="logoImageTest" time="0.001" classname="ezcontent.qa.testcases.ForgetPasswordPageTest">
    <skipped/>
  </testcase> <!-- logoImageTest -->
  <testcase name="forgetPaswdSubmitTest" time="0.0" classname="ezcontent.qa.testcases.ForgetPasswordPageTest">
    <skipped/>
  </testcase> <!-- forgetPaswdSubmitTest -->
  <testcase name="statusMessageTest" time="0.0" classname="ezcontent.qa.testcases.ForgetPasswordPageTest">
    <skipped/>
  </testcase> <!-- statusMessageTest -->
</testsuite> <!-- Test -->
