<?xml version="1.0" encoding="UTF-8"?>
<testng-results skipped="0" failed="0" ignored="0" total="10" passed="10">
  <reporter-output>
  </reporter-output>
  <suite name="Default suite" duration-ms="49136" started-at="2020-04-28T18:42:45 IST" finished-at="2020-04-28T18:43:34 IST">
    <groups>
    </groups>
    <test name="Default test" duration-ms="49136" started-at="2020-04-28T18:42:45 IST" finished-at="2020-04-28T18:43:34 IST">
      <class name="ezcontent.qa.testcases.ContentAuthorTest">
        <test-method status="PASS" signature="setup()[pri:0, instance:ezcontent.qa.testcases.ContentAuthorTest@2d6eabae]" name="setup" is-config="true" duration-ms="11904" started-at="2020-04-28T18:42:45 IST" finished-at="2020-04-28T18:42:57 IST">
          <reporter-output>
          </reporter-output>
        </test-method> <!-- setup -->
        <test-method status="PASS" signature="loginFunctionality()[pri:1, instance:ezcontent.qa.testcases.ContentAuthorTest@2d6eabae]" name="loginFunctionality" duration-ms="5016" started-at="2020-04-28T18:42:57 IST" finished-at="2020-04-28T18:43:02 IST">
          <reporter-output>
          </reporter-output>
        </test-method> <!-- loginFunctionality -->
        <test-method status="PASS" signature="navigateToAuthorPage()[pri:2, instance:ezcontent.qa.testcases.ContentAuthorTest@2d6eabae]" name="navigateToAuthorPage" duration-ms="16441" started-at="2020-04-28T18:43:02 IST" finished-at="2020-04-28T18:43:19 IST">
          <reporter-output>
          </reporter-output>
        </test-method> <!-- navigateToAuthorPage -->
        <test-method status="PASS" signature="validateTabTitle()[pri:3, instance:ezcontent.qa.testcases.ContentAuthorTest@2d6eabae]" name="validateTabTitle" duration-ms="24" started-at="2020-04-28T18:43:19 IST" finished-at="2020-04-28T18:43:19 IST">
          <reporter-output>
          </reporter-output>
        </test-method> <!-- validateTabTitle -->
        <test-method status="PASS" signature="validateHeaderTitle()[pri:4, instance:ezcontent.qa.testcases.ContentAuthorTest@2d6eabae]" name="validateHeaderTitle" duration-ms="65" started-at="2020-04-28T18:43:19 IST" finished-at="2020-04-28T18:43:19 IST">
          <reporter-output>
          </reporter-output>
        </test-method> <!-- validateHeaderTitle -->
        <test-method status="PASS" signature="enterName()[pri:5, instance:ezcontent.qa.testcases.ContentAuthorTest@2d6eabae]" name="enterName" duration-ms="688" started-at="2020-04-28T18:43:19 IST" finished-at="2020-04-28T18:43:19 IST">
          <reporter-output>
          </reporter-output>
        </test-method> <!-- enterName -->
        <test-method status="PASS" signature="enterAvatar()[pri:6, instance:ezcontent.qa.testcases.ContentAuthorTest@2d6eabae]" name="enterAvatar" duration-ms="5960" started-at="2020-04-28T18:43:19 IST" finished-at="2020-04-28T18:43:25 IST">
          <reporter-output>
          </reporter-output>
        </test-method> <!-- enterAvatar -->
        <test-method status="PASS" signature="entersummaryField()[pri:7, instance:ezcontent.qa.testcases.ContentAuthorTest@2d6eabae]" name="entersummaryField" duration-ms="309" started-at="2020-04-28T18:43:25 IST" finished-at="2020-04-28T18:43:26 IST">
          <reporter-output>
          </reporter-output>
        </test-method> <!-- entersummaryField -->
        <test-method status="PASS" signature="enterbioField()[pri:8, instance:ezcontent.qa.testcases.ContentAuthorTest@2d6eabae]" name="enterbioField" duration-ms="1172" started-at="2020-04-28T18:43:26 IST" finished-at="2020-04-28T18:43:27 IST">
          <reporter-output>
          </reporter-output>
        </test-method> <!-- enterbioField -->
        <test-method status="PASS" signature="UnPublishTheContent()[pri:9, instance:ezcontent.qa.testcases.ContentAuthorTest@2d6eabae]" name="UnPublishTheContent" duration-ms="2198" started-at="2020-04-28T18:43:27 IST" finished-at="2020-04-28T18:43:29 IST">
          <reporter-output>
          </reporter-output>
        </test-method> <!-- UnPublishTheContent -->
        <test-method status="PASS" signature="saveTheContent()[pri:10, instance:ezcontent.qa.testcases.ContentAuthorTest@2d6eabae]" name="saveTheContent" duration-ms="4521" started-at="2020-04-28T18:43:29 IST" finished-at="2020-04-28T18:43:34 IST">
          <reporter-output>
          </reporter-output>
        </test-method> <!-- saveTheContent -->
        <test-method status="PASS" signature="closeBrowser()[pri:0, instance:ezcontent.qa.testcases.ContentAuthorTest@2d6eabae]" name="closeBrowser" is-config="true" duration-ms="754" started-at="2020-04-28T18:43:34 IST" finished-at="2020-04-28T18:43:34 IST">
          <reporter-output>
          </reporter-output>
        </test-method> <!-- closeBrowser -->
      </class> <!-- ezcontent.qa.testcases.ContentAuthorTest -->
    </test> <!-- Default test -->
  </suite> <!-- Default suite -->
</testng-results>
