<?xml version="1.0" encoding="UTF-8"?>
<testng-results ignored="0" total="4" passed="4" failed="0" skipped="0">
  <reporter-output>
  </reporter-output>
  <suite started-at="2020-04-23T12:32:38 IST" name="Default suite" finished-at="2020-04-23T12:33:05 IST" duration-ms="27405">
    <groups>
    </groups>
    <test started-at="2020-04-23T12:32:38 IST" name="Default test" finished-at="2020-04-23T12:33:05 IST" duration-ms="27405">
      <class name="ezcontent.qa.testcases.ForgetPasswordPageTest">
        <test-method is-config="true" signature="setup()[pri:0, instance:ezcontent.qa.testcases.ForgetPasswordPageTest@3e6ef8ad]" started-at="2020-04-23T12:32:38 IST" name="setup" finished-at="2020-04-23T12:32:55 IST" duration-ms="16806" status="PASS">
          <reporter-output>
          </reporter-output>
        </test-method> <!-- setup -->
        <test-method signature="forgetPaswdTitleTest()[pri:1, instance:ezcontent.qa.testcases.ForgetPasswordPageTest@3e6ef8ad]" started-at="2020-04-23T12:32:55 IST" name="forgetPaswdTitleTest" finished-at="2020-04-23T12:32:55 IST" duration-ms="34" status="PASS">
          <reporter-output>
          </reporter-output>
        </test-method> <!-- forgetPaswdTitleTest -->
        <test-method signature="logoImageTest()[pri:2, instance:ezcontent.qa.testcases.ForgetPasswordPageTest@3e6ef8ad]" started-at="2020-04-23T12:32:55 IST" name="logoImageTest" finished-at="2020-04-23T12:32:55 IST" duration-ms="97" status="PASS">
          <reporter-output>
          </reporter-output>
        </test-method> <!-- logoImageTest -->
        <test-method signature="forgetPaswdSubmitTest()[pri:3, instance:ezcontent.qa.testcases.ForgetPasswordPageTest@3e6ef8ad]" started-at="2020-04-23T12:32:55 IST" name="forgetPaswdSubmitTest" finished-at="2020-04-23T12:33:04 IST" duration-ms="9389" status="PASS">
          <reporter-output>
          </reporter-output>
        </test-method> <!-- forgetPaswdSubmitTest -->
        <test-method signature="statusMessageTest()[pri:4, instance:ezcontent.qa.testcases.ForgetPasswordPageTest@3e6ef8ad]" started-at="2020-04-23T12:33:04 IST" name="statusMessageTest" finished-at="2020-04-23T12:33:04 IST" duration-ms="109" status="PASS">
          <reporter-output>
          </reporter-output>
        </test-method> <!-- statusMessageTest -->
        <test-method is-config="true" signature="closeBrowser()[pri:0, instance:ezcontent.qa.testcases.ForgetPasswordPageTest@3e6ef8ad]" started-at="2020-04-23T12:33:04 IST" name="closeBrowser" finished-at="2020-04-23T12:33:05 IST" duration-ms="882" status="PASS">
          <reporter-output>
          </reporter-output>
        </test-method> <!-- closeBrowser -->
      </class> <!-- ezcontent.qa.testcases.ForgetPasswordPageTest -->
    </test> <!-- Default test -->
  </suite> <!-- Default suite -->
</testng-results>
